<?xml version="1.0" encoding="UTF-8"?>
<testsuites name="MTPAPI" time="36.776" tests="1" failures="0" errors="0">
   <testsuite name="MTPAPI" tests="1" failures="0" errors="0" time="36.776" skipped="0" timestamp="2023-06-21 11:46:25" hostname="lollal - host.docker.internal" id="Test Suites/MTPAPI">
      <properties>
         <property name="deviceName" value=""/>
         <property name="devicePlatform" value=""/>
         <property name="logFolder" value="C:\\Users\\lollal\\Documents\\Katalon\\V2_Visual_test\\active-testing-v2\\Reports\\20230621_114619\\MTPAPI\\20230621_114620"/>
         <property name="logFiles" value="C:\\Users\\lollal\\Documents\\Katalon\\V2_Visual_test\\active-testing-v2\\Reports\\20230621_114619\\MTPAPI\\20230621_114620\\execution0.log"/>
         <property name="attachments" value="keyes\keyes-evidence_ENSG00000171094_EFO_0000621_tpm_gene_disease_gtex_linear.png, keyes\keyes-evidence_ENSG00000122025_EFO_0000222_tpm_gene_disease_gtex_linear.png"/>
         <property name="hostName" value="lollal - host.docker.internal"/>
         <property name="os" value="Windows 10 64bit"/>
         <property name="katalonVersion" value="8.4.1.208"/>
         <property name="browser" value="Chrome 114.0.0.0"/>
         <property name="hostAddress" value="192.168.87.42"/>
         <property name="sessionId" value="9ab80eaf30db844b808a08bc3ad48a67"/>
         <property name="seleniumVersion" value="3.141.59"/>
         <property name="proxyInformation" value="ProxyInformation { proxyOption=NO_PROXY, proxyServerType=HTTP, username=, password=********, proxyServerAddress=, proxyServerPort=0, executionList=&quot;&quot;, isApplyToDesiredCapabilities=true }"/>
         <property name="platform" value="Windows 10"/>
      </properties>
      <testcase name="Test Cases/MTP_1" time="36.512" classname="Test Cases/MTP_1" status="PASSED">
         <system-out><![CDATA[2023-06-21 11:46:26 - [TEST_CASE][PASSED] - Test Cases/MTP_1: Test Cases/MTP_1

2023-06-21 11:46:26 - [TEST_STEP][PASSED] - openBrowser(""): Browser is opened with url: ''

2023-06-21 11:46:27 - [MESSAGE][INFO] - Starting 'Chrome' driver

2023-06-21 11:46:27 - [MESSAGE][INFO] - User set preference: ['acceptInsecureCerts', 'true']

2023-06-21 11:46:27 - [MESSAGE][INFO] - User set preference: ['args', '[--ignore-certificate-errors, --disable-dev-shm-usage]']

2023-06-21 11:46:27 - [MESSAGE][INFO] - Action delay is set to 5,000 milliseconds

2023-06-21 11:46:30 - [MESSAGE][PASSED] - Browser is opened with url: ''

2023-06-21 11:46:30 - [TEST_STEP][PASSED] - maximizeWindow(): Current window maximized

2023-06-21 11:46:30 - [MESSAGE][PASSED] - Current window maximized

2023-06-21 11:46:30 - [TEST_STEP][PASSED] - setViewPortSize(1200, 99999): Viewport is set to new size with width = 1200 and height = 99999

2023-06-21 11:46:30 - [MESSAGE][PASSED] - Viewport is set to new size with width = 1200 and height = 99999

2023-06-21 11:46:30 - [TEST_STEP][PASSED] - td = findTestData("MolecularTargetApI"): null

2023-06-21 11:46:31 - [TEST_STEP][PASSED] - for ([i = 1, i <= td.getRowNumbers(), (i++)]): Taking screenshot successfully

2023-06-21 11:46:31 - [TEST_STEP][PASSED] - url = td.getObjectValue("host", i) + td.getObjectValue("suffixUrl", i): null

2023-06-21 11:46:31 - [TEST_STEP][PASSED] - navigateToUrl(url): Navigate to 'https://openpedcan-api-qa.d3b.io/tpm/gene-disease-gtex/plot?ensemblId=ENSG00000171094&efoId=EFO_0000621&yAxisScale=linear&includeTumorDesc=primaryOnly' successfully

2023-06-21 11:46:40 - [MESSAGE][PASSED] - Navigate to 'https://openpedcan-api-qa.d3b.io/tpm/gene-disease-gtex/plot?ensemblId=ENSG00000171094&efoId=EFO_0000621&yAxisScale=linear&includeTumorDesc=primaryOnly' successfully

2023-06-21 11:46:40 - [TEST_STEP][PASSED] - Thread.sleep(5000): null

2023-06-21 11:46:45 - [TEST_STEP][PASSED] - takeFullPageScreenshotAsCheckpoint(td.getObjectValue("testName", i)): Taking screenshot successfully

2023-06-21 11:46:46 - [MESSAGE][INFO] - 0 hidden object(s)

2023-06-21 11:46:47 - [MESSAGE][PASSED] - Taking screenshot successfully
[[ATTACHMENT|keyes\keyes-evidence_ENSG00000171094_EFO_0000621_tpm_gene_disease_gtex_linear.png]]

2023-06-21 11:46:47 - [TEST_STEP][PASSED] - url = td.getObjectValue("host", i) + td.getObjectValue("suffixUrl", i): null

2023-06-21 11:46:47 - [TEST_STEP][PASSED] - navigateToUrl(url): Navigate to 'https://openpedcan-api-qa.d3b.io/tpm/gene-disease-gtex/plot?ensemblId=ENSG00000122025&efoId=EFO_0000222&yAxisScale=linear&includeTumorDesc=primaryOnly' successfully

2023-06-21 11:46:56 - [MESSAGE][PASSED] - Navigate to 'https://openpedcan-api-qa.d3b.io/tpm/gene-disease-gtex/plot?ensemblId=ENSG00000122025&efoId=EFO_0000222&yAxisScale=linear&includeTumorDesc=primaryOnly' successfully

2023-06-21 11:46:56 - [TEST_STEP][PASSED] - Thread.sleep(5000): null

2023-06-21 11:47:01 - [TEST_STEP][PASSED] - takeFullPageScreenshotAsCheckpoint(td.getObjectValue("testName", i)): Taking screenshot successfully

2023-06-21 11:47:01 - [MESSAGE][INFO] - 0 hidden object(s)

2023-06-21 11:47:02 - [MESSAGE][PASSED] - Taking screenshot successfully
[[ATTACHMENT|keyes\keyes-evidence_ENSG00000122025_EFO_0000222_tpm_gene_disease_gtex_linear.png]]

2023-06-21 11:47:02 - [TEST_STEP][PASSED] - closeBrowser(): Browser is closed

2023-06-21 11:47:02 - [MESSAGE][PASSED] - Browser is closed]]></system-out>
         <system-err><![CDATA[]]></system-err>
      </testcase>
      <system-out><![CDATA[2023-06-21 11:46:25 - [TEST_SUITE][PASSED] - MTPAPI: Test Cases/MTP_1]]></system-out>
      <system-err><![CDATA[]]></system-err>
   </testsuite>
</testsuites>
