<?xml version="1.0" encoding="UTF-8"?>
<testsuites name="MTPAPI_chop1" time="208.685" tests="1" failures="0" errors="0">
   <testsuite name="MTPAPI_chop1" tests="1" failures="0" errors="0" time="208.685" skipped="0" timestamp="2023-06-22 09:15:24" hostname="lollal - host.docker.internal" id="Test Suites/MTPAPI_chop1">
      <properties>
         <property name="deviceName" value=""/>
         <property name="devicePlatform" value=""/>
         <property name="logFolder" value="C:\\Users\\lollal\\Documents\\Katalon\\V2_Visual_test\\active-testing-v2\\Reports\\20230622_091521\\MTPAPI_chop1\\20230622_091521"/>
         <property name="logFiles" value="C:\\Users\\lollal\\Documents\\Katalon\\V2_Visual_test\\active-testing-v2\\Reports\\20230622_091521\\MTPAPI_chop1\\20230622_091521\\execution0.log"/>
         <property name="attachments" value="keyes\keyes-disease_EFO_0000693_top_gene_disease_gtex_diff_exp_cgc_pmtl_gene_up_reg_rank_box_false.png, keyes\keyes-disease_EFO_0000760_top_gene_disease_gtex_diff_exp_cgc_pmtl_gene_up_reg_rank_box_false.png, keyes\keyes-disease_EFO_0002918_top_gene_disease_gtex_diff_exp_cgc_pmtl_gene_up_reg_rank_box_false.png, keyes\keyes-disease_EFO_0002939_top_gene_disease_gtex_diff_exp_cgc_pmtl_gene_up_reg_rank_box_false.png, keyes\keyes-disease_EFO_0003094_top_gene_disease_gtex_diff_exp_cgc_pmtl_gene_up_reg_rank_box_false.png, keyes\keyes-disease_EFO_0005543_top_gene_disease_gtex_diff_exp_cgc_pmtl_gene_up_reg_rank_box_false.png, keyes\keyes-disease_EFO_0005551_top_gene_disease_gtex_diff_exp_cgc_pmtl_gene_up_reg_rank_box_false.png, keyes\keyes-disease_EFO_0005784_top_gene_disease_gtex_diff_exp_cgc_pmtl_gene_up_reg_rank_box_false.png, keyes\keyes-disease_EFO_0007206_top_gene_disease_gtex_diff_exp_cgc_pmtl_gene_up_reg_rank_box_false.png, keyes\keyes-disease_EFO_0009812_top_gene_disease_gtex_diff_exp_cgc_pmtl_gene_up_reg_rank_box_false.png, keyes\keyes-disease_EFO_1000026_top_gene_disease_gtex_diff_exp_cgc_pmtl_gene_up_reg_rank_box_false.png, keyes\keyes-disease_EFO_1000028_top_gene_disease_gtex_diff_exp_cgc_pmtl_gene_up_reg_rank_box_false.png, keyes\keyes-disease_EFO_1000069_top_gene_disease_gtex_diff_exp_cgc_pmtl_gene_up_reg_rank_box_false.png, keyes\keyes-disease_EFO_1000151_top_gene_disease_gtex_diff_exp_cgc_pmtl_gene_up_reg_rank_box_false.png"/>
         <property name="hostName" value="lollal - host.docker.internal"/>
         <property name="os" value="Windows 10 64bit"/>
         <property name="katalonVersion" value="8.4.1.208"/>
         <property name="browser" value="Chrome 114.0.5735.134"/>
         <property name="hostAddress" value="192.168.87.42"/>
         <property name="sessionId" value="832af409dc9407461d1a5466df4755b1"/>
         <property name="seleniumVersion" value="3.141.59"/>
         <property name="proxyInformation" value="ProxyInformation { proxyOption=NO_PROXY, proxyServerType=HTTP, username=, password=********, proxyServerAddress=, proxyServerPort=0, executionList=&quot;&quot;, isApplyToDesiredCapabilities=true }"/>
         <property name="platform" value="Windows 10"/>
      </properties>
      <testcase name="Test Cases/MTP_1" time="208.433" classname="Test Cases/MTP_1" status="PASSED">
         <system-out><![CDATA[2023-06-22 09:15:24 - [TEST_CASE][PASSED] - Test Cases/MTP_1: Test Cases/MTP_1

2023-06-22 09:15:24 - [TEST_STEP][PASSED] - openBrowser(""): Browser is opened with url: ''

2023-06-22 09:15:24 - [MESSAGE][INFO] - Starting 'Chrome (headless)' driver

2023-06-22 09:15:25 - [MESSAGE][INFO] - User set preference: ['goog:chromeOptions', '{arg=--ignore-certificate-errors}']

2023-06-22 09:15:25 - [MESSAGE][INFO] - User set preference: ['acceptInsecureCerts', 'true']

2023-06-22 09:15:25 - [MESSAGE][INFO] - Action delay is set to 5,000 milliseconds

2023-06-22 09:15:27 - [MESSAGE][PASSED] - Browser is opened with url: ''

2023-06-22 09:15:27 - [TEST_STEP][PASSED] - maximizeWindow(): Current window maximized

2023-06-22 09:15:27 - [MESSAGE][PASSED] - Current window maximized

2023-06-22 09:15:27 - [TEST_STEP][PASSED] - setViewPortSize(1779, 908): Viewport is set to new size with width = 1779 and height = 908

2023-06-22 09:15:27 - [MESSAGE][PASSED] - Viewport is set to new size with width = 1779 and height = 908

2023-06-22 09:15:27 - [TEST_STEP][PASSED] - td = findTestData("MolecularTargetApI"): null

2023-06-22 09:15:28 - [TEST_STEP][PASSED] - for ([i = 1, i <= td.getRowNumbers(), (i++)]): Taking screenshot successfully

2023-06-22 09:15:28 - [TEST_STEP][PASSED] - url = td.getObjectValue("host", i) + td.getObjectValue("suffixUrl", i): null

2023-06-22 09:15:28 - [TEST_STEP][PASSED] - navigateToUrl(url): Navigate to 'https://openpedcan-api-qa.d3b.io/dge/top-gene-disease-gtex-diff-exp/plot?efoId=EFO_0000693&rankGenesBy=cgc_pmtl_gene_up_reg_rank&includeBoxplot=false&boxplotYAxisScale=log10' successfully

2023-06-22 09:15:39 - [MESSAGE][PASSED] - Navigate to 'https://openpedcan-api-qa.d3b.io/dge/top-gene-disease-gtex-diff-exp/plot?efoId=EFO_0000693&rankGenesBy=cgc_pmtl_gene_up_reg_rank&includeBoxplot=false&boxplotYAxisScale=log10' successfully

2023-06-22 09:15:39 - [TEST_STEP][PASSED] - Thread.sleep(5000): null

2023-06-22 09:15:44 - [TEST_STEP][PASSED] - takeFullPageScreenshotAsCheckpoint(td.getObjectValue("testName", i)): Taking screenshot successfully

2023-06-22 09:15:45 - [MESSAGE][INFO] - 0 hidden object(s)

2023-06-22 09:15:45 - [MESSAGE][PASSED] - Taking screenshot successfully
[[ATTACHMENT|keyes\keyes-disease_EFO_0000693_top_gene_disease_gtex_diff_exp_cgc_pmtl_gene_up_reg_rank_box_false.png]]

2023-06-22 09:15:45 - [TEST_STEP][PASSED] - url = td.getObjectValue("host", i) + td.getObjectValue("suffixUrl", i): null

2023-06-22 09:15:45 - [TEST_STEP][PASSED] - navigateToUrl(url): Navigate to 'https://openpedcan-api-qa.d3b.io/dge/top-gene-disease-gtex-diff-exp/plot?efoId=EFO_0000760&rankGenesBy=cgc_pmtl_gene_up_reg_rank&includeBoxplot=false&boxplotYAxisScale=log10' successfully

2023-06-22 09:15:52 - [MESSAGE][PASSED] - Navigate to 'https://openpedcan-api-qa.d3b.io/dge/top-gene-disease-gtex-diff-exp/plot?efoId=EFO_0000760&rankGenesBy=cgc_pmtl_gene_up_reg_rank&includeBoxplot=false&boxplotYAxisScale=log10' successfully

2023-06-22 09:15:52 - [TEST_STEP][PASSED] - Thread.sleep(5000): null

2023-06-22 09:15:57 - [TEST_STEP][PASSED] - takeFullPageScreenshotAsCheckpoint(td.getObjectValue("testName", i)): Taking screenshot successfully

2023-06-22 09:15:58 - [MESSAGE][INFO] - 0 hidden object(s)

2023-06-22 09:15:58 - [MESSAGE][PASSED] - Taking screenshot successfully
[[ATTACHMENT|keyes\keyes-disease_EFO_0000760_top_gene_disease_gtex_diff_exp_cgc_pmtl_gene_up_reg_rank_box_false.png]]

2023-06-22 09:15:58 - [TEST_STEP][PASSED] - url = td.getObjectValue("host", i) + td.getObjectValue("suffixUrl", i): null

2023-06-22 09:15:58 - [TEST_STEP][PASSED] - navigateToUrl(url): Navigate to 'https://openpedcan-api-qa.d3b.io/dge/top-gene-disease-gtex-diff-exp/plot?efoId=EFO_0002918&rankGenesBy=cgc_pmtl_gene_up_reg_rank&includeBoxplot=false&boxplotYAxisScale=log10' successfully

2023-06-22 09:16:03 - [MESSAGE][PASSED] - Navigate to 'https://openpedcan-api-qa.d3b.io/dge/top-gene-disease-gtex-diff-exp/plot?efoId=EFO_0002918&rankGenesBy=cgc_pmtl_gene_up_reg_rank&includeBoxplot=false&boxplotYAxisScale=log10' successfully

2023-06-22 09:16:03 - [TEST_STEP][PASSED] - Thread.sleep(5000): null

2023-06-22 09:16:08 - [TEST_STEP][PASSED] - takeFullPageScreenshotAsCheckpoint(td.getObjectValue("testName", i)): Taking screenshot successfully

2023-06-22 09:16:08 - [MESSAGE][INFO] - 0 hidden object(s)

2023-06-22 09:16:08 - [MESSAGE][PASSED] - Taking screenshot successfully
[[ATTACHMENT|keyes\keyes-disease_EFO_0002918_top_gene_disease_gtex_diff_exp_cgc_pmtl_gene_up_reg_rank_box_false.png]]

2023-06-22 09:16:08 - [TEST_STEP][PASSED] - url = td.getObjectValue("host", i) + td.getObjectValue("suffixUrl", i): null

2023-06-22 09:16:08 - [TEST_STEP][PASSED] - navigateToUrl(url): Navigate to 'https://openpedcan-api-qa.d3b.io/dge/top-gene-disease-gtex-diff-exp/plot?efoId=EFO_0002939&rankGenesBy=cgc_pmtl_gene_up_reg_rank&includeBoxplot=false&boxplotYAxisScale=log10' successfully

2023-06-22 09:16:18 - [MESSAGE][PASSED] - Navigate to 'https://openpedcan-api-qa.d3b.io/dge/top-gene-disease-gtex-diff-exp/plot?efoId=EFO_0002939&rankGenesBy=cgc_pmtl_gene_up_reg_rank&includeBoxplot=false&boxplotYAxisScale=log10' successfully

2023-06-22 09:16:18 - [TEST_STEP][PASSED] - Thread.sleep(5000): null

2023-06-22 09:16:23 - [TEST_STEP][PASSED] - takeFullPageScreenshotAsCheckpoint(td.getObjectValue("testName", i)): Taking screenshot successfully

2023-06-22 09:16:24 - [MESSAGE][INFO] - 0 hidden object(s)

2023-06-22 09:16:24 - [MESSAGE][PASSED] - Taking screenshot successfully
[[ATTACHMENT|keyes\keyes-disease_EFO_0002939_top_gene_disease_gtex_diff_exp_cgc_pmtl_gene_up_reg_rank_box_false.png]]

2023-06-22 09:16:24 - [TEST_STEP][PASSED] - url = td.getObjectValue("host", i) + td.getObjectValue("suffixUrl", i): null

2023-06-22 09:16:24 - [TEST_STEP][PASSED] - navigateToUrl(url): Navigate to 'https://openpedcan-api-qa.d3b.io/dge/top-gene-disease-gtex-diff-exp/plot?efoId=EFO_0003094&rankGenesBy=cgc_pmtl_gene_up_reg_rank&includeBoxplot=false&boxplotYAxisScale=log10' successfully

2023-06-22 09:16:34 - [MESSAGE][PASSED] - Navigate to 'https://openpedcan-api-qa.d3b.io/dge/top-gene-disease-gtex-diff-exp/plot?efoId=EFO_0003094&rankGenesBy=cgc_pmtl_gene_up_reg_rank&includeBoxplot=false&boxplotYAxisScale=log10' successfully

2023-06-22 09:16:34 - [TEST_STEP][PASSED] - Thread.sleep(5000): null

2023-06-22 09:16:39 - [TEST_STEP][PASSED] - takeFullPageScreenshotAsCheckpoint(td.getObjectValue("testName", i)): Taking screenshot successfully

2023-06-22 09:16:39 - [MESSAGE][INFO] - 0 hidden object(s)

2023-06-22 09:16:39 - [MESSAGE][PASSED] - Taking screenshot successfully
[[ATTACHMENT|keyes\keyes-disease_EFO_0003094_top_gene_disease_gtex_diff_exp_cgc_pmtl_gene_up_reg_rank_box_false.png]]

2023-06-22 09:16:39 - [TEST_STEP][PASSED] - url = td.getObjectValue("host", i) + td.getObjectValue("suffixUrl", i): null

2023-06-22 09:16:39 - [TEST_STEP][PASSED] - navigateToUrl(url): Navigate to 'https://openpedcan-api-qa.d3b.io/dge/top-gene-disease-gtex-diff-exp/plot?efoId=EFO_0005543&rankGenesBy=cgc_pmtl_gene_up_reg_rank&includeBoxplot=false&boxplotYAxisScale=log10' successfully

2023-06-22 09:16:50 - [MESSAGE][PASSED] - Navigate to 'https://openpedcan-api-qa.d3b.io/dge/top-gene-disease-gtex-diff-exp/plot?efoId=EFO_0005543&rankGenesBy=cgc_pmtl_gene_up_reg_rank&includeBoxplot=false&boxplotYAxisScale=log10' successfully

2023-06-22 09:16:50 - [TEST_STEP][PASSED] - Thread.sleep(5000): null

2023-06-22 09:16:55 - [TEST_STEP][PASSED] - takeFullPageScreenshotAsCheckpoint(td.getObjectValue("testName", i)): Taking screenshot successfully

2023-06-22 09:16:55 - [MESSAGE][INFO] - 0 hidden object(s)

2023-06-22 09:16:56 - [MESSAGE][PASSED] - Taking screenshot successfully
[[ATTACHMENT|keyes\keyes-disease_EFO_0005543_top_gene_disease_gtex_diff_exp_cgc_pmtl_gene_up_reg_rank_box_false.png]]

2023-06-22 09:16:56 - [TEST_STEP][PASSED] - url = td.getObjectValue("host", i) + td.getObjectValue("suffixUrl", i): null

2023-06-22 09:16:56 - [TEST_STEP][PASSED] - navigateToUrl(url): Navigate to 'https://openpedcan-api-qa.d3b.io/dge/top-gene-disease-gtex-diff-exp/plot?efoId=EFO_0005551&rankGenesBy=cgc_pmtl_gene_up_reg_rank&includeBoxplot=false&boxplotYAxisScale=log10' successfully

2023-06-22 09:17:08 - [MESSAGE][PASSED] - Navigate to 'https://openpedcan-api-qa.d3b.io/dge/top-gene-disease-gtex-diff-exp/plot?efoId=EFO_0005551&rankGenesBy=cgc_pmtl_gene_up_reg_rank&includeBoxplot=false&boxplotYAxisScale=log10' successfully

2023-06-22 09:17:08 - [TEST_STEP][PASSED] - Thread.sleep(5000): null

2023-06-22 09:17:13 - [TEST_STEP][PASSED] - takeFullPageScreenshotAsCheckpoint(td.getObjectValue("testName", i)): Taking screenshot successfully

2023-06-22 09:17:13 - [MESSAGE][INFO] - 0 hidden object(s)

2023-06-22 09:17:14 - [MESSAGE][PASSED] - Taking screenshot successfully
[[ATTACHMENT|keyes\keyes-disease_EFO_0005551_top_gene_disease_gtex_diff_exp_cgc_pmtl_gene_up_reg_rank_box_false.png]]

2023-06-22 09:17:14 - [TEST_STEP][PASSED] - url = td.getObjectValue("host", i) + td.getObjectValue("suffixUrl", i): null

2023-06-22 09:17:14 - [TEST_STEP][PASSED] - navigateToUrl(url): Navigate to 'https://openpedcan-api-qa.d3b.io/dge/top-gene-disease-gtex-diff-exp/plot?efoId=EFO_0005784&rankGenesBy=cgc_pmtl_gene_up_reg_rank&includeBoxplot=false&boxplotYAxisScale=log10' successfully

2023-06-22 09:17:24 - [MESSAGE][PASSED] - Navigate to 'https://openpedcan-api-qa.d3b.io/dge/top-gene-disease-gtex-diff-exp/plot?efoId=EFO_0005784&rankGenesBy=cgc_pmtl_gene_up_reg_rank&includeBoxplot=false&boxplotYAxisScale=log10' successfully

2023-06-22 09:17:24 - [TEST_STEP][PASSED] - Thread.sleep(5000): null

2023-06-22 09:17:29 - [TEST_STEP][PASSED] - takeFullPageScreenshotAsCheckpoint(td.getObjectValue("testName", i)): Taking screenshot successfully

2023-06-22 09:17:29 - [MESSAGE][INFO] - 0 hidden object(s)

2023-06-22 09:17:30 - [MESSAGE][PASSED] - Taking screenshot successfully
[[ATTACHMENT|keyes\keyes-disease_EFO_0005784_top_gene_disease_gtex_diff_exp_cgc_pmtl_gene_up_reg_rank_box_false.png]]

2023-06-22 09:17:30 - [TEST_STEP][PASSED] - url = td.getObjectValue("host", i) + td.getObjectValue("suffixUrl", i): null

2023-06-22 09:17:30 - [TEST_STEP][PASSED] - navigateToUrl(url): Navigate to 'https://openpedcan-api-qa.d3b.io/dge/top-gene-disease-gtex-diff-exp/plot?efoId=EFO_0007206&rankGenesBy=cgc_pmtl_gene_up_reg_rank&includeBoxplot=false&boxplotYAxisScale=log10' successfully

2023-06-22 09:17:35 - [MESSAGE][PASSED] - Navigate to 'https://openpedcan-api-qa.d3b.io/dge/top-gene-disease-gtex-diff-exp/plot?efoId=EFO_0007206&rankGenesBy=cgc_pmtl_gene_up_reg_rank&includeBoxplot=false&boxplotYAxisScale=log10' successfully

2023-06-22 09:17:35 - [TEST_STEP][PASSED] - Thread.sleep(5000): null

2023-06-22 09:17:40 - [TEST_STEP][PASSED] - takeFullPageScreenshotAsCheckpoint(td.getObjectValue("testName", i)): Taking screenshot successfully

2023-06-22 09:17:40 - [MESSAGE][INFO] - 0 hidden object(s)

2023-06-22 09:17:40 - [MESSAGE][PASSED] - Taking screenshot successfully
[[ATTACHMENT|keyes\keyes-disease_EFO_0007206_top_gene_disease_gtex_diff_exp_cgc_pmtl_gene_up_reg_rank_box_false.png]]

2023-06-22 09:17:40 - [TEST_STEP][PASSED] - url = td.getObjectValue("host", i) + td.getObjectValue("suffixUrl", i): null

2023-06-22 09:17:40 - [TEST_STEP][PASSED] - navigateToUrl(url): Navigate to 'https://openpedcan-api-qa.d3b.io/dge/top-gene-disease-gtex-diff-exp/plot?efoId=EFO_0009812&rankGenesBy=cgc_pmtl_gene_up_reg_rank&includeBoxplot=false&boxplotYAxisScale=log10' successfully

2023-06-22 09:17:45 - [MESSAGE][PASSED] - Navigate to 'https://openpedcan-api-qa.d3b.io/dge/top-gene-disease-gtex-diff-exp/plot?efoId=EFO_0009812&rankGenesBy=cgc_pmtl_gene_up_reg_rank&includeBoxplot=false&boxplotYAxisScale=log10' successfully

2023-06-22 09:17:45 - [TEST_STEP][PASSED] - Thread.sleep(5000): null

2023-06-22 09:17:50 - [TEST_STEP][PASSED] - takeFullPageScreenshotAsCheckpoint(td.getObjectValue("testName", i)): Taking screenshot successfully

2023-06-22 09:17:51 - [MESSAGE][INFO] - 0 hidden object(s)

2023-06-22 09:17:51 - [MESSAGE][PASSED] - Taking screenshot successfully
[[ATTACHMENT|keyes\keyes-disease_EFO_0009812_top_gene_disease_gtex_diff_exp_cgc_pmtl_gene_up_reg_rank_box_false.png]]

2023-06-22 09:17:51 - [TEST_STEP][PASSED] - url = td.getObjectValue("host", i) + td.getObjectValue("suffixUrl", i): null

2023-06-22 09:17:51 - [TEST_STEP][PASSED] - navigateToUrl(url): Navigate to 'https://openpedcan-api-qa.d3b.io/dge/top-gene-disease-gtex-diff-exp/plot?efoId=EFO_1000026&rankGenesBy=cgc_pmtl_gene_up_reg_rank&includeBoxplot=false&boxplotYAxisScale=log10' successfully

2023-06-22 09:18:04 - [MESSAGE][PASSED] - Navigate to 'https://openpedcan-api-qa.d3b.io/dge/top-gene-disease-gtex-diff-exp/plot?efoId=EFO_1000026&rankGenesBy=cgc_pmtl_gene_up_reg_rank&includeBoxplot=false&boxplotYAxisScale=log10' successfully

2023-06-22 09:18:04 - [TEST_STEP][PASSED] - Thread.sleep(5000): null

2023-06-22 09:18:09 - [TEST_STEP][PASSED] - takeFullPageScreenshotAsCheckpoint(td.getObjectValue("testName", i)): Taking screenshot successfully

2023-06-22 09:18:09 - [MESSAGE][INFO] - 0 hidden object(s)

2023-06-22 09:18:09 - [MESSAGE][PASSED] - Taking screenshot successfully
[[ATTACHMENT|keyes\keyes-disease_EFO_1000026_top_gene_disease_gtex_diff_exp_cgc_pmtl_gene_up_reg_rank_box_false.png]]

2023-06-22 09:18:09 - [TEST_STEP][PASSED] - url = td.getObjectValue("host", i) + td.getObjectValue("suffixUrl", i): null

2023-06-22 09:18:09 - [TEST_STEP][PASSED] - navigateToUrl(url): Navigate to 'https://openpedcan-api-qa.d3b.io/dge/top-gene-disease-gtex-diff-exp/plot?efoId=EFO_1000028&rankGenesBy=cgc_pmtl_gene_up_reg_rank&includeBoxplot=false&boxplotYAxisScale=log10' successfully

2023-06-22 09:18:19 - [MESSAGE][PASSED] - Navigate to 'https://openpedcan-api-qa.d3b.io/dge/top-gene-disease-gtex-diff-exp/plot?efoId=EFO_1000028&rankGenesBy=cgc_pmtl_gene_up_reg_rank&includeBoxplot=false&boxplotYAxisScale=log10' successfully

2023-06-22 09:18:19 - [TEST_STEP][PASSED] - Thread.sleep(5000): null

2023-06-22 09:18:24 - [TEST_STEP][PASSED] - takeFullPageScreenshotAsCheckpoint(td.getObjectValue("testName", i)): Taking screenshot successfully

2023-06-22 09:18:25 - [MESSAGE][INFO] - 0 hidden object(s)

2023-06-22 09:18:25 - [MESSAGE][PASSED] - Taking screenshot successfully
[[ATTACHMENT|keyes\keyes-disease_EFO_1000028_top_gene_disease_gtex_diff_exp_cgc_pmtl_gene_up_reg_rank_box_false.png]]

2023-06-22 09:18:25 - [TEST_STEP][PASSED] - url = td.getObjectValue("host", i) + td.getObjectValue("suffixUrl", i): null

2023-06-22 09:18:25 - [TEST_STEP][PASSED] - navigateToUrl(url): Navigate to 'https://openpedcan-api-qa.d3b.io/dge/top-gene-disease-gtex-diff-exp/plot?efoId=EFO_1000069&rankGenesBy=cgc_pmtl_gene_up_reg_rank&includeBoxplot=false&boxplotYAxisScale=log10' successfully

2023-06-22 09:18:35 - [MESSAGE][PASSED] - Navigate to 'https://openpedcan-api-qa.d3b.io/dge/top-gene-disease-gtex-diff-exp/plot?efoId=EFO_1000069&rankGenesBy=cgc_pmtl_gene_up_reg_rank&includeBoxplot=false&boxplotYAxisScale=log10' successfully

2023-06-22 09:18:35 - [TEST_STEP][PASSED] - Thread.sleep(5000): null

2023-06-22 09:18:40 - [TEST_STEP][PASSED] - takeFullPageScreenshotAsCheckpoint(td.getObjectValue("testName", i)): Taking screenshot successfully

2023-06-22 09:18:41 - [MESSAGE][INFO] - 0 hidden object(s)

2023-06-22 09:18:41 - [MESSAGE][PASSED] - Taking screenshot successfully
[[ATTACHMENT|keyes\keyes-disease_EFO_1000069_top_gene_disease_gtex_diff_exp_cgc_pmtl_gene_up_reg_rank_box_false.png]]

2023-06-22 09:18:41 - [TEST_STEP][PASSED] - url = td.getObjectValue("host", i) + td.getObjectValue("suffixUrl", i): null

2023-06-22 09:18:41 - [TEST_STEP][PASSED] - navigateToUrl(url): Navigate to 'https://openpedcan-api-qa.d3b.io/dge/top-gene-disease-gtex-diff-exp/plot?efoId=EFO_1000151&rankGenesBy=cgc_pmtl_gene_up_reg_rank&includeBoxplot=false&boxplotYAxisScale=log10' successfully

2023-06-22 09:18:46 - [MESSAGE][PASSED] - Navigate to 'https://openpedcan-api-qa.d3b.io/dge/top-gene-disease-gtex-diff-exp/plot?efoId=EFO_1000151&rankGenesBy=cgc_pmtl_gene_up_reg_rank&includeBoxplot=false&boxplotYAxisScale=log10' successfully

2023-06-22 09:18:46 - [TEST_STEP][PASSED] - Thread.sleep(5000): null

2023-06-22 09:18:51 - [TEST_STEP][PASSED] - takeFullPageScreenshotAsCheckpoint(td.getObjectValue("testName", i)): Taking screenshot successfully

2023-06-22 09:18:52 - [MESSAGE][INFO] - 0 hidden object(s)

2023-06-22 09:18:52 - [MESSAGE][PASSED] - Taking screenshot successfully
[[ATTACHMENT|keyes\keyes-disease_EFO_1000151_top_gene_disease_gtex_diff_exp_cgc_pmtl_gene_up_reg_rank_box_false.png]]

2023-06-22 09:18:52 - [TEST_STEP][PASSED] - closeBrowser(): Browser is closed

2023-06-22 09:18:52 - [MESSAGE][PASSED] - Browser is closed]]></system-out>
         <system-err><![CDATA[]]></system-err>
      </testcase>
      <system-out><![CDATA[2023-06-22 09:15:24 - [TEST_SUITE][PASSED] - MTPAPI_chop1: Test Cases/MTP_1]]></system-out>
      <system-err><![CDATA[]]></system-err>
   </testsuite>
</testsuites>
